# JRE version: OpenJDK Runtime Environment Temurin-11.0.12+7 (11.0.12+7) (build 11.0.12+7)
# Java VM: OpenJDK 64-Bit Server VM Temurin-11.0.12+7 (11.0.12+7, mixed mode, tiered, compressed oops, g1 gc, linux-amd64)
Heap:
 garbage-first heap   total 65536K, used 24326K [0x00000000e0000000, 0x0000000100000000)
  region size 1024K, 4 young (4096K), 3 survivors (3072K)
 Metaspace       used 20704K, capacity 21018K, committed 21248K, reserved 1069056K
  class space    used 2084K, capacity 2217K, committed 2304K, reserved 1048576K
GC Heap History (10 events):
Event: 0.497 GC heap before
{Heap before GC invocations=0 (full 0):
 garbage-first heap   total 65536K, used 22528K [0x00000000e0000000, 0x0000000100000000)
  region size 1024K, 22 young (22528K), 0 survivors (0K)
 Metaspace       used 11539K, capacity 11709K, committed 11904K, reserved 1060864K
  class space    used 1090K, capacity 1139K, committed 1152K, reserved 1048576K
}
Event: 0.501 GC heap after
{Heap after GC invocations=1 (full 0):
 garbage-first heap   total 65536K, used 7771K [0x00000000e0000000, 0x0000000100000000)
  region size 1024K, 3 young (3072K), 3 survivors (3072K)
 Metaspace       used 11539K, capacity 11709K, committed 11904K, reserved 1060864K
  class space    used 1090K, capacity 1139K, committed 1152K, reserved 1048576K
}
Event: 0.704 GC heap before
{Heap before GC invocations=1 (full 0):
 garbage-first heap   total 65536K, used 24155K [0x00000000e0000000, 0x0000000100000000)
  region size 1024K, 20 young (20480K), 3 survivors (3072K)
 Metaspace       used 17693K, capacity 17987K, committed 18048K, reserved 1064960K
  class space    used 1802K, capacity 1919K, committed 1920K, reserved 1048576K
}
Event: 0.707 GC heap after
{Heap after GC invocations=2 (full 0):
 garbage-first heap   total 65536K, used 7936K [0x00000000e0000000, 0x0000000100000000)
  region size 1024K, 2 young (2048K), 2 survivors (2048K)
 Metaspace       used 17693K, capacity 17987K, committed 18048K, reserved 1064960K
  class space    used 1802K, capacity 1919K, committed 1920K, reserved 1048576K
}
Event: 0.919 GC heap before
{Heap before GC invocations=2 (full 0):
 garbage-first heap   total 65536K, used 30464K [0x00000000e0000000, 0x0000000100000000)
  region size 1024K, 25 young (25600K), 2 survivors (2048K)
 Metaspace       used 19985K, capacity 20286K, committed 20480K, reserved 1067008K
  class space    used 2044K, capacity 2215K, committed 2304K, reserved 1048576K
}
Event: 0.926 GC heap after
{Heap after GC invocations=3 (full 0):
 garbage-first heap   total 65536K, used 14699K [0x00000000e0000000, 0x0000000100000000)
  region size 1024K, 4 young (4096K), 4 survivors (4096K)
 Metaspace       used 19985K, capacity 20286K, committed 20480K, reserved 1067008K
  class space    used 2044K, capacity 2215K, committed 2304K, reserved 1048576K
}
Event: 1.132 GC heap before
{Heap before GC invocations=3 (full 0):
 garbage-first heap   total 65536K, used 36203K [0x00000000e0000000, 0x0000000100000000)
  region size 1024K, 25 young (25600K), 4 survivors (4096K)
 Metaspace       used 20340K, capacity 20688K, committed 20992K, reserved 1069056K
  class space    used 2045K, capacity 2215K, committed 2304K, reserved 1048576K
}
Event: 1.145 GC heap after
{Heap after GC invocations=4 (full 0):
 garbage-first heap   total 65536K, used 17835K [0x00000000e0000000, 0x0000000100000000)
  region size 1024K, 3 young (3072K), 3 survivors (3072K)
 Metaspace       used 20340K, capacity 20688K, committed 20992K, reserved 1069056K
  class space    used 2045K, capacity 2215K, committed 2304K, reserved 1048576K
}
Event: 1.242 GC heap before
{Heap before GC invocations=4 (full 0):
 garbage-first heap   total 65536K, used 39339K [0x00000000e0000000, 0x0000000100000000)
  region size 1024K, 24 young (24576K), 3 survivors (3072K)
 Metaspace       used 20432K, capacity 20761K, committed 20992K, reserved 1069056K
  class space    used 2050K, capacity 2217K, committed 2304K, reserved 1048576K
}
Event: 1.252 GC heap after
{Heap after GC invocations=5 (full 0):
 garbage-first heap   total 65536K, used 20573K [0x00000000e0000000, 0x0000000100000000)
  region size 1024K, 3 young (3072K), 3 survivors (3072K)
 Metaspace       used 20432K, capacity 20761K, committed 20992K, reserved 1069056K
  class space    used 2050K, capacity 2217K, committed 2304K, reserved 1048576K
}

